  JsonSphere.cpp
C:\Users\lerbo\Documents\Staffs Uni\RayTracerFramework\RayTracerSmall\src\MemoryPool.h(19,2): warning C4091: 'typedef ': ignored on left of 'MemoryChunk' when no variable is declared
C:\Users\lerbo\Documents\Staffs Uni\RayTracerFramework\RayTracerSmall\src\Config.h(55,1): warning C4005: 'INFINITY': macro redefinition
C:\Program Files (x86)\Windows Kits\10\Include\10.0.19041.0\ucrt\corecrt_math.h(88): message : see previous definition of 'INFINITY'
  Renderer.cpp
C:\Users\lerbo\Documents\Staffs Uni\RayTracerFramework\RayTracerSmall\src\MemoryPool.h(19,2): warning C4091: 'typedef ': ignored on left of 'MemoryChunk' when no variable is declared
C:\Users\lerbo\Documents\Staffs Uni\RayTracerFramework\RayTracerSmall\src\Config.h(55,1): warning C4005: 'INFINITY': macro redefinition
C:\Program Files (x86)\Windows Kits\10\Include\10.0.19041.0\ucrt\corecrt_math.h(88): message : see previous definition of 'INFINITY'
C:\Users\lerbo\Documents\Staffs Uni\RayTracerFramework\RayTracerSmall\src\Renderer.cpp(34,19): warning C4244: 'argument': conversion from 'float' to 'unsigned int', possible loss of data
C:\Users\lerbo\Documents\Staffs Uni\RayTracerFramework\RayTracerSmall\src\Renderer.cpp(73,14): warning C4244: 'initializing': conversion from 'double' to 'float', possible loss of data
C:\Users\lerbo\Documents\Staffs Uni\RayTracerFramework\RayTracerSmall\src\Renderer.cpp(162,19): warning C4305: 'initializing': truncation from 'double' to 'float'
C:\Users\lerbo\Documents\Staffs Uni\RayTracerFramework\RayTracerSmall\src\Renderer.cpp(168,60): warning C4305: 'argument': truncation from 'double' to 'const float'
C:\Users\lerbo\Documents\Staffs Uni\RayTracerFramework\RayTracerSmall\src\Renderer.cpp(168,32): warning C4244: 'argument': conversion from 'double' to 'const float', possible loss of data
C:\Users\lerbo\Documents\Staffs Uni\RayTracerFramework\RayTracerSmall\src\Renderer.cpp(177,19): warning C4305: 'initializing': truncation from 'double' to 'float'
C:\Users\lerbo\Documents\Staffs Uni\RayTracerFramework\RayTracerSmall\src\Renderer.cpp(230,23): warning C4244: 'argument': conversion from 'float' to 'unsigned int', possible loss of data
C:\Users\lerbo\Documents\Staffs Uni\RayTracerFramework\RayTracerSmall\src\Renderer.cpp(239,21): warning C4018: '<': signed/unsigned mismatch
C:\Users\lerbo\Documents\Staffs Uni\RayTracerFramework\RayTracerSmall\src\Renderer.cpp(240,22): warning C4018: '<': signed/unsigned mismatch
C:\Users\lerbo\Documents\Staffs Uni\RayTracerFramework\RayTracerSmall\src\Renderer.cpp(242,13): warning C4244: 'initializing': conversion from 'double' to 'float', possible loss of data
C:\Users\lerbo\Documents\Staffs Uni\RayTracerFramework\RayTracerSmall\src\Renderer.cpp(243,13): warning C4244: 'initializing': conversion from 'double' to 'float', possible loss of data
  main.cpp
C:\Users\lerbo\Documents\Staffs Uni\RayTracerFramework\RayTracerSmall\src\MemoryPool.h(19,2): warning C4091: 'typedef ': ignored on left of 'MemoryChunk' when no variable is declared
C:\Users\lerbo\Documents\Staffs Uni\RayTracerFramework\RayTracerSmall\src\Config.h(55,1): warning C4005: 'INFINITY': macro redefinition
C:\Program Files (x86)\Windows Kits\10\Include\10.0.19041.0\ucrt\corecrt_math.h(88): message : see previous definition of 'INFINITY'
  Generating code
  Previous IPDB and IOBJ mismatch, fall back to full compilation.
  All 1374 functions were compiled because no usable IPDB/IOBJ from previous compilation was found.
  Finished generating code
  RayTracerSmall.vcxproj -> C:\Users\lerbo\Documents\Staffs Uni\RayTracerFramework\x64\Release\RayTracerSmall.exe
